TN:
SF:C:\Users\Matt\Desktop\smoothStack\repos\fashion\src\polyfills.ts
FNF:0
FNH:0
LF:0
LH:0
BRF:0
BRH:0
end_of_record
TN:
SF:C:\Users\Matt\Desktop\smoothStack\repos\fashion\src\test.ts
FNF:0
FNH:0
DA:14,1
DA:19,1
DA:21,1
LF:3
LH:3
BRF:0
BRH:0
end_of_record
TN:
SF:C:\Users\Matt\Desktop\smoothStack\repos\fashion\src\app\app.component.ts
FN:8,(anonymous_0)
FN:3,AppComponent
FNF:2
FNH:2
FNDA:1,(anonymous_0)
FNDA:2,AppComponent
DA:8,1
DA:9,2
DA:10,1
LF:3
LH:3
BRF:0
BRH:0
end_of_record
TN:
SF:C:\Users\Matt\Desktop\smoothStack\repos\fashion\src\app\common\services\auth.service.ts
FN:13,(anonymous_0)
FN:25,AuthService
FN:21,(anonymous_2)
FN:39,(anonymous_3)
FN:41,(anonymous_4)
FN:66,(anonymous_5)
FN:72,(anonymous_6)
FNF:7
FNH:2
FNDA:1,(anonymous_0)
FNDA:64,AuthService
FNDA:0,(anonymous_2)
FNDA:0,(anonymous_3)
FNDA:0,(anonymous_4)
FNDA:0,(anonymous_5)
FNDA:0,(anonymous_6)
DA:8,1
DA:13,1
DA:14,64
DA:19,64
DA:21,1
DA:22,0
DA:26,64
DA:27,64
DA:28,64
DA:30,64
DA:31,64
DA:32,0
DA:33,0
DA:34,0
DA:35,0
DA:39,1
DA:40,0
DA:41,0
DA:42,0
DA:43,0
DA:44,0
DA:45,0
DA:46,0
DA:47,0
DA:52,0
DA:53,0
DA:54,0
DA:57,0
DA:58,0
DA:59,0
DA:60,0
DA:61,0
DA:62,0
DA:66,0
DA:68,0
DA:72,1
DA:73,0
DA:74,0
DA:75,0
DA:76,0
DA:77,0
DA:79,1
LF:42
LH:13
BRDA:31,0,0,0
BRDA:31,0,1,64
BRDA:40,1,0,0
BRDA:40,1,1,0
BRDA:40,2,0,0
BRDA:40,2,1,0
BRDA:57,3,0,0
BRDA:57,3,1,0
BRDA:59,4,0,0
BRDA:59,4,1,0
BRDA:61,5,0,0
BRDA:61,5,1,0
BRF:12
BRH:1
end_of_record
TN:
SF:C:\Users\Matt\Desktop\smoothStack\repos\fashion\src\app\common\services\pager.service.ts
FN:6,(anonymous_0)
FN:7,PagerService
FN:9,(anonymous_2)
FN:38,(anonymous_3)
FNF:4
FNH:4
FNDA:1,(anonymous_0)
FNDA:60,PagerService
FNDA:9,(anonymous_2)
FNDA:5,(anonymous_3)
DA:6,1
DA:9,9
DA:11,9
DA:13,9
DA:15,9
DA:16,9
DA:19,0
DA:20,0
DA:21,0
DA:22,0
DA:23,0
DA:24,0
DA:26,0
DA:27,0
DA:32,9
DA:33,9
DA:36,9
DA:38,5
DA:41,9
DA:53,1
LF:20
LH:12
BRDA:9,0,0,0
BRDA:9,0,1,9
BRDA:13,1,0,9
BRDA:13,1,1,0
BRDA:19,2,0,0
BRDA:19,2,1,0
BRDA:22,3,0,0
BRDA:22,3,1,0
BRF:8
BRH:2
end_of_record
TN:
SF:C:\Users\Matt\Desktop\smoothStack\repos\fashion\src\app\common\services\report.service.ts
FN:7,(anonymous_0)
FN:9,ReportService
FN:11,(anonymous_2)
FNF:3
FNH:1
FNDA:1,(anonymous_0)
FNDA:0,ReportService
FNDA:0,(anonymous_2)
DA:7,1
DA:9,0
DA:11,1
DA:12,0
DA:15,1
LF:5
LH:3
BRF:0
BRH:0
end_of_record
TN:
SF:C:\Users\Matt\Desktop\smoothStack\repos\fashion\src\app\common\services\server.service.ts
FN:8,(anonymous_0)
FN:12,ServerService
FN:14,(anonymous_2)
FN:19,(anonymous_3)
FN:36,(anonymous_4)
FN:42,(anonymous_5)
FNF:6
FNH:2
FNDA:1,(anonymous_0)
FNDA:53,ServerService
FNDA:0,(anonymous_2)
FNDA:0,(anonymous_3)
FNDA:0,(anonymous_4)
FNDA:0,(anonymous_5)
DA:8,1
DA:9,53
DA:12,53
DA:14,1
DA:15,0
DA:16,0
DA:19,1
DA:21,0
DA:22,0
DA:25,0
DA:28,0
DA:36,1
DA:37,0
DA:40,0
DA:41,0
DA:42,0
DA:43,0
DA:47,0
DA:53,1
LF:19
LH:7
BRDA:21,0,0,0
BRDA:21,0,1,0
BRDA:26,1,0,0
BRDA:26,1,1,0
BRDA:38,2,0,0
BRDA:38,2,1,0
BRDA:41,3,0,0
BRDA:41,3,1,0
BRF:8
BRH:0
end_of_record
TN:
SF:C:\Users\Matt\Desktop\smoothStack\repos\fashion\src\app\common\services\shop.service.ts
FN:8,(anonymous_0)
FN:9,ShopService
FN:11,(anonymous_2)
FN:15,(anonymous_3)
FN:19,(anonymous_4)
FN:23,(anonymous_5)
FNF:6
FNH:2
FNDA:1,(anonymous_0)
FNDA:98,ShopService
FNDA:0,(anonymous_2)
FNDA:0,(anonymous_3)
FNDA:0,(anonymous_4)
FNDA:0,(anonymous_5)
DA:8,1
DA:9,98
DA:11,1
DA:12,0
DA:15,1
DA:16,0
DA:19,1
DA:20,0
DA:23,1
DA:24,0
DA:26,1
LF:11
LH:7
BRF:0
BRH:0
end_of_record
TN:
SF:C:\Users\Matt\Desktop\smoothStack\repos\fashion\src\app\home\home.component.ts
FN:12,(anonymous_0)
FN:26,HomeComponent
FN:33,(anonymous_2)
FN:39,(anonymous_3)
FN:51,(anonymous_4)
FN:58,(anonymous_5)
FN:62,(anonymous_6)
FN:66,(anonymous_7)
FNF:8
FNH:7
FNDA:1,(anonymous_0)
FNDA:8,HomeComponent
FNDA:1,(anonymous_2)
FNDA:0,(anonymous_3)
FNDA:2,(anonymous_4)
FNDA:1,(anonymous_5)
FNDA:2,(anonymous_6)
FNDA:2,(anonymous_7)
DA:12,1
DA:13,1
DA:14,8
DA:27,8
DA:28,8
DA:29,8
DA:33,1
DA:34,1
DA:35,1
DA:39,0
DA:40,0
DA:41,0
DA:42,0
DA:45,0
DA:46,0
DA:47,0
DA:51,1
DA:52,2
DA:58,1
DA:59,1
DA:62,1
DA:63,2
DA:66,1
DA:67,2
DA:68,2
DA:71,2
DA:73,0
DA:77,2
DA:78,2
DA:79,2
DA:80,2
DA:83,1
LF:32
LH:24
BRDA:45,0,0,0
BRDA:45,0,1,0
BRDA:71,1,0,0
BRDA:71,1,1,2
BRF:4
BRH:1
end_of_record
TN:
SF:C:\Users\Matt\Desktop\smoothStack\repos\fashion\src\app\layout\layout.component.ts
FN:8,(anonymous_0)
FN:10,LayoutComponent
FN:12,(anonymous_2)
FNF:3
FNH:1
FNDA:1,(anonymous_0)
FNDA:0,LayoutComponent
FNDA:0,(anonymous_2)
DA:8,1
DA:12,1
DA:15,1
LF:3
LH:3
BRF:0
BRH:0
end_of_record
TN:
SF:C:\Users\Matt\Desktop\smoothStack\repos\fashion\src\app\layout\footer\footer.component.ts
FN:8,(anonymous_0)
FN:10,FooterComponent
FN:12,(anonymous_2)
FNF:3
FNH:3
FNDA:1,(anonymous_0)
FNDA:1,FooterComponent
FNDA:1,(anonymous_2)
DA:8,1
DA:12,1
DA:15,1
LF:3
LH:3
BRF:0
BRH:0
end_of_record
TN:
SF:C:\Users\Matt\Desktop\smoothStack\repos\fashion\src\app\layout\header\header.component.ts
FN:8,(anonymous_0)
FN:12,HeaderComponent
FN:14,(anonymous_2)
FNF:3
FNH:3
FNDA:1,(anonymous_0)
FNDA:1,HeaderComponent
FNDA:1,(anonymous_2)
DA:8,1
DA:10,1
DA:14,1
DA:17,1
LF:4
LH:4
BRF:0
BRH:0
end_of_record
TN:
SF:C:\Users\Matt\Desktop\smoothStack\repos\fashion\src\app\register\register.component.ts
FN:14,(anonymous_0)
FN:40,RegisterComponent
FN:47,(anonymous_2)
FN:52,(anonymous_3)
FN:65,(anonymous_4)
FN:67,(anonymous_5)
FN:77,(anonymous_6)
FN:83,(anonymous_7)
FN:85,(anonymous_8)
FN:94,(anonymous_9)
FN:100,(anonymous_10)
FN:116,(anonymous_11)
FN:121,(anonymous_12)
FN:127,(anonymous_13)
FN:130,(anonymous_14)
FN:133,(anonymous_15)
FN:139,(anonymous_16)
FN:151,(anonymous_17)
FN:155,(anonymous_18)
FN:163,(anonymous_19)
FN:173,(anonymous_20)
FN:178,(anonymous_21)
FN:184,(anonymous_22)
FN:188,(anonymous_23)
FN:195,(anonymous_24)
FN:200,(anonymous_25)
FNF:26
FNH:14
FNDA:1,(anonymous_0)
FNDA:20,RegisterComponent
FNDA:1,(anonymous_2)
FNDA:1,(anonymous_3)
FNDA:2,(anonymous_4)
FNDA:1,(anonymous_5)
FNDA:1,(anonymous_6)
FNDA:2,(anonymous_7)
FNDA:1,(anonymous_8)
FNDA:1,(anonymous_9)
FNDA:0,(anonymous_10)
FNDA:0,(anonymous_11)
FNDA:0,(anonymous_12)
FNDA:0,(anonymous_13)
FNDA:0,(anonymous_14)
FNDA:0,(anonymous_15)
FNDA:0,(anonymous_16)
FNDA:0,(anonymous_17)
FNDA:0,(anonymous_18)
FNDA:0,(anonymous_19)
FNDA:0,(anonymous_20)
FNDA:0,(anonymous_21)
FNDA:1,(anonymous_22)
FNDA:2,(anonymous_23)
FNDA:1,(anonymous_24)
FNDA:1,(anonymous_25)
DA:14,1
DA:30,20
DA:31,20
DA:32,20
DA:34,20
DA:37,20
DA:41,20
DA:42,20
DA:43,20
DA:44,20
DA:47,1
DA:48,1
DA:49,1
DA:52,1
DA:53,1
DA:60,1
DA:65,2
DA:66,2
DA:68,1
DA:69,1
DA:71,1
DA:72,1
DA:73,2
DA:74,2
DA:78,1
DA:83,2
DA:84,2
DA:86,1
DA:87,1
DA:88,1
DA:89,1
DA:90,1
DA:95,1
DA:100,1
DA:103,0
DA:115,0
DA:117,0
DA:119,0
DA:122,0
DA:127,1
DA:129,0
DA:131,0
DA:134,0
DA:139,1
DA:141,0
DA:150,0
DA:153,0
DA:156,0
DA:157,0
DA:158,0
DA:163,1
DA:164,0
DA:166,0
DA:172,0
DA:174,0
DA:175,0
DA:179,0
DA:184,1
DA:185,1
DA:188,2
DA:189,2
DA:190,2
DA:191,2
DA:196,1
DA:197,1
DA:198,1
DA:201,1
DA:202,1
DA:203,1
DA:204,1
DA:208,0
DA:209,0
DA:210,0
DA:214,1
LF:74
LH:51
BRDA:87,0,0,1
BRDA:87,0,1,0
BRDA:190,1,0,2
BRDA:190,1,1,0
BRF:4
BRH:2
end_of_record
TN:
SF:C:\Users\Matt\Desktop\smoothStack\repos\fashion\src\app\register\returns\returns.component.ts
FN:13,(anonymous_0)
FN:33,ReturnsComponent
FN:40,(anonymous_2)
FN:46,(anonymous_3)
FN:52,(anonymous_4)
FN:56,(anonymous_5)
FN:60,(anonymous_6)
FN:67,(anonymous_7)
FN:80,(anonymous_8)
FN:94,(anonymous_9)
FN:96,(anonymous_10)
FN:101,(anonymous_11)
FN:107,(anonymous_12)
FN:116,(anonymous_13)
FN:122,(anonymous_14)
FN:128,(anonymous_15)
FNF:16
FNH:11
FNDA:1,(anonymous_0)
FNDA:14,ReturnsComponent
FNDA:1,(anonymous_2)
FNDA:1,(anonymous_3)
FNDA:0,(anonymous_4)
FNDA:0,(anonymous_5)
FNDA:2,(anonymous_6)
FNDA:1,(anonymous_7)
FNDA:1,(anonymous_8)
FNDA:2,(anonymous_9)
FNDA:1,(anonymous_10)
FNDA:1,(anonymous_11)
FNDA:0,(anonymous_12)
FNDA:0,(anonymous_13)
FNDA:0,(anonymous_14)
FNDA:2,(anonymous_15)
DA:13,1
DA:14,1
DA:16,14
DA:17,14
DA:18,14
DA:25,14
DA:27,14
DA:34,14
DA:35,14
DA:36,14
DA:37,14
DA:40,1
DA:41,1
DA:42,1
DA:43,1
DA:46,1
DA:47,1
DA:52,1
DA:53,0
DA:56,1
DA:57,0
DA:60,2
DA:61,2
DA:62,2
DA:63,2
DA:68,1
DA:69,1
DA:70,1
DA:71,1
DA:73,0
DA:74,0
DA:77,1
DA:78,1
DA:81,1
DA:82,1
DA:83,1
DA:84,1
DA:85,1
DA:89,0
DA:90,0
DA:94,2
DA:95,2
DA:97,1
DA:98,1
DA:99,1
DA:102,1
DA:107,1
DA:108,0
DA:111,0
DA:115,0
DA:117,0
DA:118,0
DA:119,0
DA:120,0
DA:123,0
DA:128,1
DA:129,2
DA:130,0
DA:132,2
DA:133,2
DA:139,1
LF:61
LH:46
BRDA:62,0,0,2
BRDA:62,0,1,0
BRDA:70,1,0,1
BRDA:70,1,1,0
BRDA:129,2,0,0
BRDA:129,2,1,2
BRDA:129,3,0,2
BRDA:129,3,1,2
BRF:8
BRH:5
end_of_record
TN:
SF:C:\Users\Matt\Desktop\smoothStack\repos\fashion\src\app\reports\bar-chart\bar-chart.component.ts
FN:8,(anonymous_0)
FN:47,BarChartComponent
FN:23,(anonymous_2)
FN:31,(anonymous_3)
FN:11,(anonymous_4)
FN:49,(anonymous_5)
FN:51,(anonymous_6)
FN:53,(anonymous_7)
FN:56,(anonymous_8)
FNF:9
FNH:6
FNDA:1,(anonymous_0)
FNDA:1,BarChartComponent
FNDA:0,(anonymous_2)
FNDA:0,(anonymous_3)
FNDA:1,(anonymous_4)
FNDA:0,(anonymous_5)
FNDA:1,(anonymous_6)
FNDA:1,(anonymous_7)
FNDA:1,(anonymous_8)
DA:8,1
DA:9,1
DA:10,1
DA:11,2
DA:12,1
DA:16,1
DA:23,0
DA:31,0
DA:36,1
DA:42,1
DA:43,1
DA:44,1
DA:45,1
DA:47,1
DA:49,1
DA:51,1
DA:52,1
DA:53,1
DA:54,1
DA:56,1
DA:57,1
DA:58,1
DA:60,1
DA:63,1
LF:24
LH:22
BRF:0
BRH:0
end_of_record
TN:
SF:C:\Users\Matt\Desktop\smoothStack\repos\fashion\src\app\reports\dashboard\dashboard.component.ts
FN:10,(anonymous_0)
FN:24,DashboardComponent
FN:26,(anonymous_2)
FN:28,(anonymous_3)
FN:32,(anonymous_4)
FN:36,(anonymous_5)
FN:40,(anonymous_6)
FN:44,(anonymous_7)
FN:48,(anonymous_8)
FN:52,(anonymous_9)
FN:56,(anonymous_10)
FN:62,(anonymous_11)
FNF:12
FNH:1
FNDA:1,(anonymous_0)
FNDA:0,DashboardComponent
FNDA:0,(anonymous_2)
FNDA:0,(anonymous_3)
FNDA:0,(anonymous_4)
FNDA:0,(anonymous_5)
FNDA:0,(anonymous_6)
FNDA:0,(anonymous_7)
FNDA:0,(anonymous_8)
FNDA:0,(anonymous_9)
FNDA:0,(anonymous_10)
FNDA:0,(anonymous_11)
DA:10,1
DA:21,0
DA:22,0
DA:24,0
DA:26,1
DA:28,0
DA:29,0
DA:32,0
DA:33,0
DA:36,0
DA:37,0
DA:40,0
DA:41,0
DA:44,0
DA:45,0
DA:48,0
DA:49,0
DA:52,0
DA:53,0
DA:56,0
DA:57,0
DA:62,1
DA:63,0
DA:66,1
LF:24
LH:4
BRF:0
BRH:0
end_of_record
TN:
SF:C:\Users\Matt\Desktop\smoothStack\repos\fashion\src\app\reports\metric\metric.component.ts
FN:8,(anonymous_0)
FN:12,MetricComponent
FNF:2
FNH:2
FNDA:1,(anonymous_0)
FNDA:1,MetricComponent
DA:8,1
DA:10,1
DA:14,1
LF:3
LH:3
BRF:0
BRH:0
end_of_record
TN:
SF:C:\Users\Matt\Desktop\smoothStack\repos\fashion\src\app\reports\pie-chart\pie-chart.component.ts
FN:8,(anonymous_0)
FN:24,PieChartComponent
FN:10,(anonymous_2)
FN:26,(anonymous_3)
FN:28,(anonymous_4)
FN:30,(anonymous_5)
FN:33,(anonymous_6)
FNF:7
FNH:6
FNDA:1,(anonymous_0)
FNDA:1,PieChartComponent
FNDA:1,(anonymous_2)
FNDA:0,(anonymous_3)
FNDA:1,(anonymous_4)
FNDA:1,(anonymous_5)
FNDA:1,(anonymous_6)
DA:8,1
DA:9,1
DA:10,2
DA:11,1
DA:15,1
DA:21,1
DA:22,1
DA:26,1
DA:28,1
DA:29,1
DA:30,1
DA:31,1
DA:33,1
DA:34,1
DA:35,1
DA:38,1
LF:16
LH:16
BRF:0
BRH:0
end_of_record
TN:
SF:C:\Users\Matt\Desktop\smoothStack\repos\fashion\src\app\shop\shop.component.ts
FN:10,(anonymous_0)
FN:14,ShopComponent
FN:18,(anonymous_2)
FN:22,(anonymous_3)
FN:24,(anonymous_4)
FN:27,(anonymous_5)
FNF:6
FNH:6
FNDA:1,(anonymous_0)
FNDA:8,ShopComponent
FNDA:2,(anonymous_2)
FNDA:2,(anonymous_3)
FNDA:1,(anonymous_4)
FNDA:1,(anonymous_5)
DA:10,1
DA:15,8
DA:18,1
DA:19,2
DA:22,2
DA:23,2
DA:25,1
DA:28,1
DA:33,1
LF:9
LH:9
BRF:0
BRH:0
end_of_record
TN:
SF:C:\Users\Matt\Desktop\smoothStack\repos\fashion\src\app\shop\account\account.component.ts
FN:14,(anonymous_0)
FN:30,AccountComponent
FN:38,(anonymous_2)
FN:42,(anonymous_5)
FN:46,(anonymous_8)
FN:55,(anonymous_9)
FN:61,(anonymous_10)
FN:65,(anonymous_11)
FNF:8
FNH:8
FNDA:1,(anonymous_0)
FNDA:12,AccountComponent
FNDA:1,(anonymous_2)
FNDA:2,(anonymous_5)
FNDA:1,(anonymous_8)
FNDA:1,(anonymous_9)
FNDA:1,(anonymous_10)
FNDA:2,(anonymous_11)
DA:14,1
DA:26,12
DA:28,12
DA:31,12
DA:32,12
DA:33,12
DA:34,12
DA:35,12
DA:38,1
DA:39,2
DA:42,1
DA:43,2
DA:45,2
DA:47,1
DA:48,1
DA:49,1
DA:50,1
DA:51,1
DA:52,1
DA:53,1
DA:56,1
DA:61,1
DA:62,1
DA:65,1
DA:66,2
DA:67,1
DA:69,1
DA:70,1
DA:75,1
LF:29
LH:29
BRDA:39,0,0,1
BRDA:66,1,0,1
BRDA:66,1,1,1
BRDA:66,2,0,2
BRDA:66,2,1,1
BRF:5
BRH:5
end_of_record
TN:
SF:C:\Users\Matt\Desktop\smoothStack\repos\fashion\src\app\shop\checkout\checkout.component.ts
FN:12,(anonymous_0)
FN:36,CheckoutComponent
FN:40,(anonymous_2)
FN:45,(anonymous_3)
FN:52,(anonymous_4)
FN:67,(anonymous_5)
FN:77,(anonymous_6)
FN:80,(anonymous_7)
FN:87,(anonymous_8)
FN:93,(anonymous_9)
FN:103,(anonymous_10)
FN:108,(anonymous_11)
FN:119,(anonymous_12)
FN:127,(anonymous_13)
FNF:14
FNH:6
FNDA:1,(anonymous_0)
FNDA:10,CheckoutComponent
FNDA:1,(anonymous_2)
FNDA:2,(anonymous_3)
FNDA:0,(anonymous_4)
FNDA:0,(anonymous_5)
FNDA:1,(anonymous_6)
FNDA:0,(anonymous_7)
FNDA:1,(anonymous_8)
FNDA:0,(anonymous_9)
FNDA:0,(anonymous_10)
FNDA:0,(anonymous_11)
FNDA:0,(anonymous_12)
FNDA:0,(anonymous_13)
DA:12,1
DA:30,10
DA:31,10
DA:37,10
DA:40,1
DA:41,1
DA:42,1
DA:45,1
DA:46,2
DA:52,1
DA:54,0
DA:60,0
DA:62,0
DA:63,0
DA:64,0
DA:67,0
DA:68,0
DA:69,0
DA:70,0
DA:72,0
DA:77,1
DA:78,1
DA:79,1
DA:81,0
DA:82,0
DA:83,0
DA:84,0
DA:85,0
DA:88,1
DA:93,1
DA:94,0
DA:97,0
DA:102,0
DA:104,0
DA:106,0
DA:109,0
DA:119,1
DA:120,0
DA:128,0
DA:130,0
DA:133,0
DA:139,0
DA:140,0
DA:144,0
DA:145,0
DA:146,0
DA:147,0
DA:150,1
LF:48
LH:17
BRDA:69,0,0,0
BRDA:69,0,1,0
BRDA:128,1,0,0
BRDA:128,1,1,0
BRDA:133,2,0,0
BRDA:133,2,1,0
BRF:6
BRH:0
end_of_record
TN:
SF:C:\Users\Matt\Desktop\smoothStack\repos\fashion\src\app\shop\products\products.component.ts
FN:18,(anonymous_0)
FN:68,ProductsComponent
FN:77,(anonymous_2)
FN:84,(anonymous_3)
FN:91,(anonymous_4)
FN:95,(anonymous_5)
FN:120,(anonymous_6)
FN:122,(anonymous_7)
FN:127,(anonymous_8)
FN:133,(anonymous_9)
FN:135,(anonymous_10)
FN:139,(anonymous_11)
FN:145,(anonymous_12)
FN:149,(anonymous_13)
FN:154,(anonymous_14)
FN:164,(anonymous_15)
FN:166,(anonymous_16)
FN:176,(anonymous_17)
FN:182,(anonymous_18)
FN:184,(anonymous_19)
FN:193,(anonymous_20)
FN:199,(anonymous_21)
FN:215,(anonymous_22)
FN:220,(anonymous_23)
FN:226,(anonymous_24)
FN:229,(anonymous_25)
FN:232,(anonymous_26)
FN:238,(anonymous_27)
FN:250,(anonymous_28)
FN:254,(anonymous_29)
FN:262,(anonymous_30)
FN:272,(anonymous_31)
FN:277,(anonymous_32)
FN:283,(anonymous_33)
FN:288,(anonymous_34)
FN:293,(anonymous_35)
FN:302,(anonymous_36)
FN:311,(anonymous_37)
FN:317,(anonymous_38)
FN:331,(anonymous_39)
FN:349,(anonymous_40)
FN:353,(anonymous_41)
FN:360,(anonymous_42)
FN:366,(anonymous_43)
FN:370,(anonymous_44)
FN:377,(anonymous_45)
FNF:46
FNH:26
FNDA:1,(anonymous_0)
FNDA:34,ProductsComponent
FNDA:1,(anonymous_2)
FNDA:0,(anonymous_3)
FNDA:0,(anonymous_4)
FNDA:1,(anonymous_5)
FNDA:2,(anonymous_6)
FNDA:1,(anonymous_7)
FNDA:1,(anonymous_8)
FNDA:2,(anonymous_9)
FNDA:1,(anonymous_10)
FNDA:1,(anonymous_11)
FNDA:2,(anonymous_12)
FNDA:1,(anonymous_13)
FNDA:1,(anonymous_14)
FNDA:2,(anonymous_15)
FNDA:1,(anonymous_16)
FNDA:1,(anonymous_17)
FNDA:2,(anonymous_18)
FNDA:1,(anonymous_19)
FNDA:1,(anonymous_20)
FNDA:0,(anonymous_21)
FNDA:0,(anonymous_22)
FNDA:0,(anonymous_23)
FNDA:0,(anonymous_24)
FNDA:0,(anonymous_25)
FNDA:0,(anonymous_26)
FNDA:0,(anonymous_27)
FNDA:0,(anonymous_28)
FNDA:0,(anonymous_29)
FNDA:0,(anonymous_30)
FNDA:0,(anonymous_31)
FNDA:0,(anonymous_32)
FNDA:2,(anonymous_33)
FNDA:1,(anonymous_34)
FNDA:1,(anonymous_35)
FNDA:2,(anonymous_36)
FNDA:1,(anonymous_37)
FNDA:1,(anonymous_38)
FNDA:0,(anonymous_39)
FNDA:0,(anonymous_40)
FNDA:0,(anonymous_41)
FNDA:0,(anonymous_42)
FNDA:0,(anonymous_43)
FNDA:0,(anonymous_44)
FNDA:6,(anonymous_45)
DA:18,1
DA:22,34
DA:26,34
DA:36,34
DA:37,34
DA:38,34
DA:40,34
DA:43,34
DA:64,34
DA:66,34
DA:69,34
DA:70,34
DA:71,34
DA:72,34
DA:73,34
DA:74,34
DA:77,1
DA:78,1
DA:79,1
DA:80,1
DA:81,1
DA:84,1
DA:85,0
DA:86,0
DA:87,0
DA:88,0
DA:91,1
DA:92,0
DA:95,1
DA:96,1
DA:108,1
DA:115,1
DA:120,2
DA:121,2
DA:123,1
DA:124,1
DA:125,1
DA:128,1
DA:133,2
DA:134,2
DA:136,1
DA:137,1
DA:140,1
DA:145,2
DA:146,2
DA:147,2
DA:148,2
DA:150,1
DA:151,1
DA:152,1
DA:156,1
DA:157,1
DA:158,1
DA:159,1
DA:164,2
DA:165,2
DA:167,1
DA:168,1
DA:170,1
DA:171,1
DA:172,2
DA:173,2
DA:177,1
DA:182,2
DA:183,2
DA:185,1
DA:186,1
DA:187,1
DA:188,1
DA:189,1
DA:194,1
DA:199,1
DA:202,0
DA:214,0
DA:216,0
DA:218,0
DA:221,0
DA:226,1
DA:228,0
DA:230,0
DA:233,0
DA:238,1
DA:240,0
DA:249,0
DA:252,0
DA:255,0
DA:256,0
DA:257,0
DA:262,1
DA:263,0
DA:265,0
DA:271,0
DA:273,0
DA:274,0
DA:278,0
DA:283,2
DA:284,2
DA:285,2
DA:287,2
DA:289,1
DA:290,1
DA:291,1
DA:294,1
DA:295,1
DA:296,1
DA:297,1
DA:302,2
DA:303,2
DA:304,2
DA:305,2
DA:306,2
DA:312,1
DA:313,1
DA:314,1
DA:315,1
DA:318,1
DA:319,1
DA:320,1
DA:321,1
DA:322,1
DA:326,0
DA:327,0
DA:331,1
DA:333,0
DA:335,0
DA:336,0
DA:347,0
DA:348,0
DA:350,0
DA:351,0
DA:354,0
DA:355,0
DA:360,1
DA:361,0
DA:363,0
DA:365,0
DA:367,0
DA:368,0
DA:371,0
DA:372,0
DA:377,1
DA:378,6
DA:379,0
DA:381,6
DA:382,6
DA:388,1
LF:146
LH:102
BRDA:186,0,0,1
BRDA:186,0,1,0
BRDA:305,1,0,2
BRDA:305,1,1,0
BRDA:335,2,0,0
BRDA:335,2,1,0
BRDA:378,3,0,0
BRDA:378,3,1,6
BRDA:378,4,0,6
BRDA:378,4,1,6
BRF:10
BRH:5
end_of_record
TN:
SF:C:\Users\Matt\Desktop\smoothStack\repos\fashion\src\environments\environment.ts
FNF:0
FNH:0
DA:5,1
LF:1
LH:1
BRF:0
BRH:0
end_of_record
