TN:
SF:C:\Users\Lexie\git\fashion\src\polyfills.ts
FNF:0
FNH:0
LF:0
LH:0
BRF:0
BRH:0
end_of_record
TN:
SF:C:\Users\Lexie\git\fashion\src\test.ts
FNF:0
FNH:0
DA:13,1
DA:18,1
DA:20,1
LF:3
LH:3
BRF:0
BRH:0
end_of_record
TN:
SF:C:\Users\Lexie\git\fashion\src\app\app.component.ts
FN:8,(anonymous_0)
FN:3,AppComponent
FNF:2
FNH:2
FNDA:1,(anonymous_0)
FNDA:2,AppComponent
DA:8,1
DA:9,2
DA:10,1
LF:3
LH:3
BRF:0
BRH:0
end_of_record
TN:
SF:C:\Users\Lexie\git\fashion\src\app\common\services\auth.service.ts
FN:12,(anonymous_0)
FN:22,AuthService
FN:18,(anonymous_2)
FN:45,(anonymous_3)
FN:47,(anonymous_4)
FN:71,(anonymous_5)
FNF:6
FNH:2
FNDA:1,(anonymous_0)
FNDA:40,AuthService
FNDA:0,(anonymous_2)
FNDA:0,(anonymous_3)
FNDA:0,(anonymous_4)
FNDA:0,(anonymous_5)
DA:7,1
DA:12,1
DA:13,40
DA:18,1
DA:19,0
DA:22,40
DA:23,40
DA:24,40
DA:25,40
DA:26,0
DA:27,0
DA:28,0
DA:29,0
DA:31,0
DA:32,0
DA:33,0
DA:34,0
DA:35,0
DA:45,1
DA:46,0
DA:47,0
DA:48,0
DA:49,0
DA:50,0
DA:51,0
DA:52,0
DA:53,0
DA:54,0
DA:57,0
DA:58,0
DA:59,0
DA:60,0
DA:61,0
DA:62,0
DA:63,0
DA:71,1
DA:72,0
DA:73,0
DA:75,0
DA:76,0
DA:77,0
DA:80,1
LF:42
LH:11
BRDA:25,0,0,0
BRDA:25,0,1,40
BRDA:32,1,0,0
BRDA:32,1,1,0
BRDA:34,2,0,0
BRDA:34,2,1,0
BRDA:46,3,0,0
BRDA:46,3,1,0
BRDA:46,4,0,0
BRDA:46,4,1,0
BRDA:48,5,0,0
BRDA:48,5,1,0
BRDA:60,6,0,0
BRDA:60,6,1,0
BRDA:62,7,0,0
BRDA:62,7,1,0
BRF:16
BRH:1
end_of_record
TN:
SF:C:\Users\Lexie\git\fashion\src\app\common\services\pager.service.ts
FN:3,(anonymous_0)
FN:4,PagerService
FN:6,(anonymous_2)
FN:35,(anonymous_3)
FNF:4
FNH:4
FNDA:1,(anonymous_0)
FNDA:60,PagerService
FNDA:9,(anonymous_2)
FNDA:5,(anonymous_3)
DA:3,1
DA:6,9
DA:8,9
DA:10,9
DA:12,9
DA:13,9
DA:16,0
DA:17,0
DA:18,0
DA:19,0
DA:20,0
DA:21,0
DA:23,0
DA:24,0
DA:29,9
DA:30,9
DA:33,9
DA:35,5
DA:38,9
DA:50,1
LF:20
LH:12
BRDA:6,0,0,0
BRDA:6,0,1,9
BRDA:10,1,0,9
BRDA:10,1,1,0
BRDA:16,2,0,0
BRDA:16,2,1,0
BRDA:19,3,0,0
BRDA:19,3,1,0
BRF:8
BRH:2
end_of_record
TN:
SF:C:\Users\Lexie\git\fashion\src\app\common\services\server.service.ts
FN:9,(anonymous_0)
FN:13,ServerService
FN:15,(anonymous_2)
FN:20,(anonymous_3)
FN:36,(anonymous_4)
FN:41,(anonymous_5)
FNF:6
FNH:2
FNDA:1,(anonymous_0)
FNDA:53,ServerService
FNDA:0,(anonymous_2)
FNDA:0,(anonymous_3)
FNDA:0,(anonymous_4)
FNDA:0,(anonymous_5)
DA:4,1
DA:9,1
DA:10,53
DA:13,53
DA:15,1
DA:16,0
DA:17,0
DA:20,1
DA:21,0
DA:22,0
DA:23,0
DA:26,0
DA:28,0
DA:36,1
DA:37,0
DA:39,0
DA:40,0
DA:41,0
DA:42,0
DA:46,0
DA:47,0
DA:53,1
LF:22
LH:8
BRDA:21,0,0,0
BRDA:21,0,1,0
BRDA:26,1,0,0
BRDA:26,1,1,0
BRDA:37,2,0,0
BRDA:37,2,1,0
BRDA:40,3,0,0
BRDA:40,3,1,0
BRF:8
BRH:0
end_of_record
TN:
SF:C:\Users\Lexie\git\fashion\src\app\common\services\shop.service.ts
FN:8,(anonymous_0)
FN:9,ShopService
FN:11,(anonymous_2)
FN:15,(anonymous_3)
FN:19,(anonymous_4)
FN:23,(anonymous_5)
FNF:6
FNH:2
FNDA:1,(anonymous_0)
FNDA:98,ShopService
FNDA:0,(anonymous_2)
FNDA:0,(anonymous_3)
FNDA:0,(anonymous_4)
FNDA:0,(anonymous_5)
DA:8,1
DA:9,98
DA:11,1
DA:12,0
DA:15,1
DA:16,0
DA:19,1
DA:20,0
DA:23,1
DA:24,0
DA:26,1
LF:11
LH:7
BRF:0
BRH:0
end_of_record
TN:
SF:C:\Users\Lexie\git\fashion\src\app\home\home.component.ts
FN:11,(anonymous_0)
FN:22,HomeComponent
FN:29,(anonymous_2)
FN:38,(anonymous_3)
FN:52,(anonymous_4)
FNF:5
FNH:5
FNDA:1,(anonymous_0)
FNDA:8,HomeComponent
FNDA:1,(anonymous_2)
FNDA:2,(anonymous_3)
FNDA:2,(anonymous_4)
DA:11,1
DA:23,8
DA:24,8
DA:25,8
DA:29,1
DA:30,1
DA:32,1
DA:33,0
DA:34,0
DA:38,1
DA:39,2
DA:52,1
DA:53,2
DA:54,2
DA:55,4
DA:57,0
DA:59,0
DA:60,0
DA:63,2
DA:67,1
LF:20
LH:15
BRDA:32,0,0,0
BRDA:32,0,1,1
BRDA:55,1,0,2
BRDA:55,1,1,0
BRF:4
BRH:2
end_of_record
TN:
SF:C:\Users\Lexie\git\fashion\src\app\layout\layout.component.ts
FN:8,(anonymous_0)
FN:10,LayoutComponent
FN:12,(anonymous_2)
FNF:3
FNH:1
FNDA:1,(anonymous_0)
FNDA:0,LayoutComponent
FNDA:0,(anonymous_2)
DA:8,1
DA:12,1
DA:15,1
LF:3
LH:3
BRF:0
BRH:0
end_of_record
TN:
SF:C:\Users\Lexie\git\fashion\src\app\layout\footer\footer.component.ts
FN:8,(anonymous_0)
FN:10,FooterComponent
FN:12,(anonymous_2)
FNF:3
FNH:3
FNDA:1,(anonymous_0)
FNDA:1,FooterComponent
FNDA:1,(anonymous_2)
DA:8,1
DA:12,1
DA:15,1
LF:3
LH:3
BRF:0
BRH:0
end_of_record
TN:
SF:C:\Users\Lexie\git\fashion\src\app\layout\header\header.component.ts
FN:8,(anonymous_0)
FN:12,HeaderComponent
FN:14,(anonymous_2)
FNF:3
FNH:3
FNDA:1,(anonymous_0)
FNDA:1,HeaderComponent
FNDA:1,(anonymous_2)
DA:8,1
DA:10,1
DA:14,1
DA:17,1
LF:4
LH:4
BRF:0
BRH:0
end_of_record
TN:
SF:C:\Users\Lexie\git\fashion\src\app\register\register.component.ts
FN:14,(anonymous_0)
FN:40,RegisterComponent
FN:47,(anonymous_2)
FN:52,(anonymous_3)
FN:65,(anonymous_4)
FN:67,(anonymous_5)
FN:77,(anonymous_6)
FN:83,(anonymous_7)
FN:85,(anonymous_8)
FN:94,(anonymous_9)
FN:100,(anonymous_10)
FN:116,(anonymous_11)
FN:121,(anonymous_12)
FN:127,(anonymous_13)
FN:130,(anonymous_14)
FN:133,(anonymous_15)
FN:139,(anonymous_16)
FN:151,(anonymous_17)
FN:155,(anonymous_18)
FN:163,(anonymous_19)
FN:173,(anonymous_20)
FN:178,(anonymous_21)
FN:184,(anonymous_22)
FN:188,(anonymous_23)
FN:195,(anonymous_24)
FN:200,(anonymous_25)
FNF:26
FNH:14
FNDA:1,(anonymous_0)
FNDA:20,RegisterComponent
FNDA:1,(anonymous_2)
FNDA:1,(anonymous_3)
FNDA:2,(anonymous_4)
FNDA:1,(anonymous_5)
FNDA:1,(anonymous_6)
FNDA:2,(anonymous_7)
FNDA:1,(anonymous_8)
FNDA:1,(anonymous_9)
FNDA:0,(anonymous_10)
FNDA:0,(anonymous_11)
FNDA:0,(anonymous_12)
FNDA:0,(anonymous_13)
FNDA:0,(anonymous_14)
FNDA:0,(anonymous_15)
FNDA:0,(anonymous_16)
FNDA:0,(anonymous_17)
FNDA:0,(anonymous_18)
FNDA:0,(anonymous_19)
FNDA:0,(anonymous_20)
FNDA:0,(anonymous_21)
FNDA:1,(anonymous_22)
FNDA:2,(anonymous_23)
FNDA:1,(anonymous_24)
FNDA:1,(anonymous_25)
DA:14,1
DA:30,20
DA:31,20
DA:32,20
DA:34,20
DA:37,20
DA:41,20
DA:42,20
DA:43,20
DA:44,20
DA:47,1
DA:48,1
DA:49,1
DA:52,1
DA:53,1
DA:60,1
DA:65,2
DA:66,2
DA:68,1
DA:69,1
DA:71,1
DA:72,1
DA:73,2
DA:74,2
DA:78,1
DA:83,2
DA:84,2
DA:86,1
DA:87,1
DA:88,1
DA:89,1
DA:90,1
DA:95,1
DA:100,1
DA:103,0
DA:115,0
DA:117,0
DA:119,0
DA:122,0
DA:127,1
DA:129,0
DA:131,0
DA:134,0
DA:139,1
DA:141,0
DA:150,0
DA:153,0
DA:156,0
DA:157,0
DA:158,0
DA:163,1
DA:164,0
DA:166,0
DA:172,0
DA:174,0
DA:175,0
DA:179,0
DA:184,1
DA:185,1
DA:188,2
DA:189,2
DA:190,2
DA:191,2
DA:196,1
DA:197,1
DA:198,1
DA:201,1
DA:202,1
DA:203,1
DA:204,1
DA:208,0
DA:209,0
DA:210,0
DA:214,1
LF:74
LH:51
BRDA:87,0,0,1
BRDA:87,0,1,0
BRDA:190,1,0,2
BRDA:190,1,1,0
BRF:4
BRH:2
end_of_record
TN:
SF:C:\Users\Lexie\git\fashion\src\app\register\returns\returns.component.ts
FN:13,(anonymous_0)
FN:33,ReturnsComponent
FN:39,(anonymous_2)
FN:45,(anonymous_3)
FN:51,(anonymous_4)
FN:55,(anonymous_5)
FN:59,(anonymous_6)
FN:66,(anonymous_7)
FN:79,(anonymous_8)
FN:93,(anonymous_9)
FN:95,(anonymous_10)
FN:100,(anonymous_11)
FN:106,(anonymous_12)
FN:115,(anonymous_13)
FN:121,(anonymous_14)
FN:127,(anonymous_15)
FNF:16
FNH:11
FNDA:1,(anonymous_0)
FNDA:14,ReturnsComponent
FNDA:1,(anonymous_2)
FNDA:1,(anonymous_3)
FNDA:0,(anonymous_4)
FNDA:0,(anonymous_5)
FNDA:2,(anonymous_6)
FNDA:1,(anonymous_7)
FNDA:1,(anonymous_8)
FNDA:2,(anonymous_9)
FNDA:1,(anonymous_10)
FNDA:1,(anonymous_11)
FNDA:0,(anonymous_12)
FNDA:0,(anonymous_13)
FNDA:0,(anonymous_14)
FNDA:2,(anonymous_15)
DA:13,1
DA:14,1
DA:16,14
DA:17,14
DA:18,14
DA:25,14
DA:27,14
DA:34,14
DA:35,14
DA:36,14
DA:39,1
DA:40,1
DA:41,1
DA:42,1
DA:45,1
DA:46,1
DA:51,1
DA:52,0
DA:55,1
DA:56,0
DA:59,2
DA:60,2
DA:61,2
DA:62,2
DA:67,1
DA:68,1
DA:69,1
DA:70,1
DA:72,0
DA:73,0
DA:76,1
DA:77,1
DA:80,1
DA:81,1
DA:82,1
DA:83,1
DA:84,1
DA:88,0
DA:89,0
DA:93,2
DA:94,2
DA:96,1
DA:97,1
DA:98,1
DA:101,1
DA:106,1
DA:107,0
DA:110,0
DA:114,0
DA:116,0
DA:117,0
DA:118,0
DA:119,0
DA:122,0
DA:127,1
DA:128,2
DA:129,0
DA:131,2
DA:132,2
DA:138,1
LF:60
LH:45
BRDA:61,0,0,2
BRDA:61,0,1,0
BRDA:69,1,0,1
BRDA:69,1,1,0
BRDA:128,2,0,0
BRDA:128,2,1,2
BRDA:128,3,0,2
BRDA:128,3,1,2
BRF:8
BRH:5
end_of_record
TN:
SF:C:\Users\Lexie\git\fashion\src\app\shop\shop.component.ts
FN:10,(anonymous_0)
FN:14,ShopComponent
FN:18,(anonymous_2)
FN:22,(anonymous_3)
FN:24,(anonymous_4)
FN:27,(anonymous_5)
FNF:6
FNH:6
FNDA:1,(anonymous_0)
FNDA:8,ShopComponent
FNDA:2,(anonymous_2)
FNDA:2,(anonymous_3)
FNDA:1,(anonymous_4)
FNDA:1,(anonymous_5)
DA:10,1
DA:15,8
DA:18,1
DA:19,2
DA:22,2
DA:23,2
DA:25,1
DA:28,1
DA:33,1
LF:9
LH:9
BRF:0
BRH:0
end_of_record
TN:
SF:C:\Users\Lexie\git\fashion\src\app\shop\account\account.component.ts
FN:14,(anonymous_0)
FN:30,AccountComponent
FN:38,(anonymous_2)
FN:42,(anonymous_5)
FN:46,(anonymous_8)
FN:55,(anonymous_9)
FN:61,(anonymous_10)
FN:65,(anonymous_11)
FNF:8
FNH:8
FNDA:1,(anonymous_0)
FNDA:12,AccountComponent
FNDA:1,(anonymous_2)
FNDA:2,(anonymous_5)
FNDA:1,(anonymous_8)
FNDA:1,(anonymous_9)
FNDA:1,(anonymous_10)
FNDA:2,(anonymous_11)
DA:14,1
DA:26,12
DA:28,12
DA:31,12
DA:32,12
DA:33,12
DA:34,12
DA:35,12
DA:38,1
DA:39,2
DA:42,1
DA:43,2
DA:45,2
DA:47,1
DA:48,1
DA:49,1
DA:50,1
DA:51,1
DA:52,1
DA:53,1
DA:56,1
DA:61,1
DA:62,1
DA:65,1
DA:66,2
DA:67,1
DA:69,1
DA:70,1
DA:75,1
LF:29
LH:29
BRDA:39,0,0,1
BRDA:66,1,0,1
BRDA:66,1,1,1
BRDA:66,2,0,2
BRDA:66,2,1,1
BRF:5
BRH:5
end_of_record
TN:
SF:C:\Users\Lexie\git\fashion\src\app\shop\checkout\checkout.component.ts
FN:11,(anonymous_0)
FN:35,CheckoutComponent
FN:39,(anonymous_2)
FN:44,(anonymous_3)
FN:51,(anonymous_4)
FN:66,(anonymous_5)
FN:76,(anonymous_6)
FN:79,(anonymous_7)
FN:86,(anonymous_8)
FN:92,(anonymous_9)
FN:102,(anonymous_10)
FN:107,(anonymous_11)
FN:118,(anonymous_12)
FN:126,(anonymous_13)
FNF:14
FNH:6
FNDA:1,(anonymous_0)
FNDA:10,CheckoutComponent
FNDA:1,(anonymous_2)
FNDA:2,(anonymous_3)
FNDA:0,(anonymous_4)
FNDA:0,(anonymous_5)
FNDA:1,(anonymous_6)
FNDA:0,(anonymous_7)
FNDA:1,(anonymous_8)
FNDA:0,(anonymous_9)
FNDA:0,(anonymous_10)
FNDA:0,(anonymous_11)
FNDA:0,(anonymous_12)
FNDA:0,(anonymous_13)
DA:11,1
DA:29,10
DA:30,10
DA:36,10
DA:39,1
DA:40,1
DA:41,1
DA:44,1
DA:45,2
DA:51,1
DA:53,0
DA:59,0
DA:61,0
DA:62,0
DA:63,0
DA:66,0
DA:67,0
DA:68,0
DA:69,0
DA:71,0
DA:76,1
DA:77,1
DA:78,1
DA:80,0
DA:81,0
DA:82,0
DA:83,0
DA:84,0
DA:87,1
DA:92,1
DA:93,0
DA:96,0
DA:101,0
DA:103,0
DA:105,0
DA:108,0
DA:118,1
DA:119,0
DA:127,0
DA:129,0
DA:132,0
DA:138,0
DA:139,0
DA:143,0
DA:144,0
DA:145,0
DA:146,0
DA:149,1
LF:48
LH:17
BRDA:68,0,0,0
BRDA:68,0,1,0
BRDA:127,1,0,0
BRDA:127,1,1,0
BRDA:132,2,0,0
BRDA:132,2,1,0
BRF:6
BRH:0
end_of_record
TN:
SF:C:\Users\Lexie\git\fashion\src\app\shop\products\products.component.ts
FN:15,(anonymous_0)
FN:65,ProductsComponent
FN:73,(anonymous_2)
FN:80,(anonymous_3)
FN:105,(anonymous_4)
FN:107,(anonymous_5)
FN:112,(anonymous_6)
FN:118,(anonymous_7)
FN:120,(anonymous_8)
FN:124,(anonymous_9)
FN:130,(anonymous_10)
FN:134,(anonymous_11)
FN:139,(anonymous_12)
FN:149,(anonymous_13)
FN:151,(anonymous_14)
FN:161,(anonymous_15)
FN:167,(anonymous_16)
FN:169,(anonymous_17)
FN:178,(anonymous_18)
FN:184,(anonymous_19)
FN:200,(anonymous_20)
FN:205,(anonymous_21)
FN:211,(anonymous_22)
FN:214,(anonymous_23)
FN:217,(anonymous_24)
FN:223,(anonymous_25)
FN:235,(anonymous_26)
FN:239,(anonymous_27)
FN:247,(anonymous_28)
FN:257,(anonymous_29)
FN:262,(anonymous_30)
FN:268,(anonymous_31)
FN:273,(anonymous_32)
FN:278,(anonymous_33)
FN:287,(anonymous_34)
FN:296,(anonymous_35)
FN:302,(anonymous_36)
FN:316,(anonymous_37)
FN:334,(anonymous_38)
FN:338,(anonymous_39)
FN:345,(anonymous_40)
FN:351,(anonymous_41)
FN:355,(anonymous_42)
FN:362,(anonymous_43)
FNF:44
FNH:26
FNDA:1,(anonymous_0)
FNDA:34,ProductsComponent
FNDA:1,(anonymous_2)
FNDA:1,(anonymous_3)
FNDA:2,(anonymous_4)
FNDA:1,(anonymous_5)
FNDA:1,(anonymous_6)
FNDA:2,(anonymous_7)
FNDA:1,(anonymous_8)
FNDA:1,(anonymous_9)
FNDA:2,(anonymous_10)
FNDA:1,(anonymous_11)
FNDA:1,(anonymous_12)
FNDA:2,(anonymous_13)
FNDA:1,(anonymous_14)
FNDA:1,(anonymous_15)
FNDA:2,(anonymous_16)
FNDA:1,(anonymous_17)
FNDA:1,(anonymous_18)
FNDA:0,(anonymous_19)
FNDA:0,(anonymous_20)
FNDA:0,(anonymous_21)
FNDA:0,(anonymous_22)
FNDA:0,(anonymous_23)
FNDA:0,(anonymous_24)
FNDA:0,(anonymous_25)
FNDA:0,(anonymous_26)
FNDA:0,(anonymous_27)
FNDA:0,(anonymous_28)
FNDA:0,(anonymous_29)
FNDA:0,(anonymous_30)
FNDA:2,(anonymous_31)
FNDA:1,(anonymous_32)
FNDA:1,(anonymous_33)
FNDA:2,(anonymous_34)
FNDA:1,(anonymous_35)
FNDA:1,(anonymous_36)
FNDA:0,(anonymous_37)
FNDA:0,(anonymous_38)
FNDA:0,(anonymous_39)
FNDA:0,(anonymous_40)
FNDA:0,(anonymous_41)
FNDA:0,(anonymous_42)
FNDA:6,(anonymous_43)
DA:15,1
DA:19,34
DA:23,34
DA:33,34
DA:34,34
DA:35,34
DA:37,34
DA:40,34
DA:61,34
DA:63,34
DA:66,34
DA:67,34
DA:68,34
DA:69,34
DA:70,34
DA:73,1
DA:74,1
DA:75,1
DA:76,1
DA:77,1
DA:80,1
DA:81,1
DA:93,1
DA:100,1
DA:105,2
DA:106,2
DA:108,1
DA:109,1
DA:110,1
DA:113,1
DA:118,2
DA:119,2
DA:121,1
DA:122,1
DA:125,1
DA:130,2
DA:131,2
DA:132,2
DA:133,2
DA:135,1
DA:136,1
DA:137,1
DA:141,1
DA:142,1
DA:143,1
DA:144,1
DA:149,2
DA:150,2
DA:152,1
DA:153,1
DA:155,1
DA:156,1
DA:157,2
DA:158,2
DA:162,1
DA:167,2
DA:168,2
DA:170,1
DA:171,1
DA:172,1
DA:173,1
DA:174,1
DA:179,1
DA:184,1
DA:187,0
DA:199,0
DA:201,0
DA:203,0
DA:206,0
DA:211,1
DA:213,0
DA:215,0
DA:218,0
DA:223,1
DA:225,0
DA:234,0
DA:237,0
DA:240,0
DA:241,0
DA:242,0
DA:247,1
DA:248,0
DA:250,0
DA:256,0
DA:258,0
DA:259,0
DA:263,0
DA:268,2
DA:269,2
DA:270,2
DA:272,2
DA:274,1
DA:275,1
DA:276,1
DA:279,1
DA:280,1
DA:281,1
DA:282,1
DA:287,2
DA:288,2
DA:289,2
DA:290,2
DA:291,2
DA:297,1
DA:298,1
DA:299,1
DA:300,1
DA:303,1
DA:304,1
DA:305,1
DA:306,1
DA:307,1
DA:311,0
DA:312,0
DA:316,1
DA:318,0
DA:320,0
DA:321,0
DA:332,0
DA:333,0
DA:335,0
DA:336,0
DA:339,0
DA:340,0
DA:345,1
DA:346,0
DA:348,0
DA:350,0
DA:352,0
DA:353,0
DA:356,0
DA:357,0
DA:362,1
DA:363,6
DA:364,0
DA:366,6
DA:367,6
DA:373,1
LF:138
LH:99
BRDA:171,0,0,1
BRDA:171,0,1,0
BRDA:290,1,0,2
BRDA:290,1,1,0
BRDA:320,2,0,0
BRDA:320,2,1,0
BRDA:363,3,0,0
BRDA:363,3,1,6
BRDA:363,4,0,6
BRDA:363,4,1,6
BRF:10
BRH:5
end_of_record
TN:
SF:C:\Users\Lexie\git\fashion\src\environments\environment.ts
FNF:0
FNH:0
DA:5,1
LF:1
LH:1
BRF:0
BRH:0
end_of_record
